[INFO  - 2020-04-11T03:34:03.933Z] GhostDriver - Main - running on port 6982
[INFO  - 2020-04-11T03:34:08.441Z] Session [4d424370-7ba5-11ea-82d6-5d610d07a88e] - page.settings - {"XSSAuditingEnabled":false,"javascriptCanCloseWindows":true,"javascriptCanOpenWindows":true,"javascriptEnabled":true,"loadImages":true,"localToRemoteUrlAccessEnabled":false,"userAgent":"Mozilla/5.0 (Windows NT 6.2; WOW64) AppleWebKit/538.1 (KHTML, like Gecko) PhantomJS/2.1.1 Safari/538.1","webSecurityEnabled":true}
[INFO  - 2020-04-11T03:34:08.442Z] Session [4d424370-7ba5-11ea-82d6-5d610d07a88e] - page.customHeaders:  - {}
[INFO  - 2020-04-11T03:34:08.442Z] Session [4d424370-7ba5-11ea-82d6-5d610d07a88e] - Session.negotiatedCapabilities - {"browserName":"phantomjs","version":"2.1.1","driverName":"ghostdriver","driverVersion":"1.2.0","platform":"windows-10-32bit","javascriptEnabled":true,"takesScreenshot":true,"handlesAlerts":false,"databaseEnabled":false,"locationContextEnabled":false,"applicationCacheEnabled":false,"browserConnectionEnabled":false,"cssSelectorsEnabled":true,"webStorageEnabled":false,"rotatable":false,"acceptSslCerts":false,"nativeEvents":true,"proxy":{"proxyType":"direct"}}
[INFO  - 2020-04-11T03:34:08.442Z] SessionManagerReqHand - _postNewSessionCommand - New Session Created: 4d424370-7ba5-11ea-82d6-5d610d07a88e
[ERROR - 2020-04-11T03:34:10.906Z] Session [4d424370-7ba5-11ea-82d6-5d610d07a88e] - page.onError - msg: undefined

  phantomjs://platform/console++.js:263 in error
[ERROR - 2020-04-11T03:34:10.906Z] Session [4d424370-7ba5-11ea-82d6-5d610d07a88e] - page.onError - stack:
  i (https://js.intercomcdn.com/frame.052eae52.js:1)

  phantomjs://platform/console++.js:263 in error
[ERROR - 2020-04-11T03:34:10.907Z] Session [4d424370-7ba5-11ea-82d6-5d610d07a88e] - page.onError - msg: undefined

  phantomjs://platform/console++.js:263 in error
[ERROR - 2020-04-11T03:34:10.907Z] Session [4d424370-7ba5-11ea-82d6-5d610d07a88e] - page.onError - stack:
  i (https://js.intercomcdn.com/frame.052eae52.js:1)

  phantomjs://platform/console++.js:263 in error
[ERROR - 2020-04-11T03:34:10.911Z] Session [4d424370-7ba5-11ea-82d6-5d610d07a88e] - page.onError - msg: undefined

  phantomjs://platform/console++.js:263 in error
[ERROR - 2020-04-11T03:34:10.911Z] Session [4d424370-7ba5-11ea-82d6-5d610d07a88e] - page.onError - stack:
  i (https://js.intercomcdn.com/frame.052eae52.js:1)

  phantomjs://platform/console++.js:263 in error
[ERROR - 2020-04-11T03:34:10.913Z] Session [4d424370-7ba5-11ea-82d6-5d610d07a88e] - page.onError - msg: [FastSpring API] (!) Error: Error received:  0 

  phantomjs://platform/console++.js:263 in error
[ERROR - 2020-04-11T03:34:10.913Z] Session [4d424370-7ba5-11ea-82d6-5d610d07a88e] - page.onError - stack:
  c (https://d1f8f9xcsvx3ha.cloudfront.net/sbl/0.8.0/fastspring-builder.min.js:3)

  phantomjs://platform/console++.js:263 in error
[ERROR - 2020-04-11T03:34:41.252Z] WebElementLocator - _handleLocateCommand - Element(s) NOT Found: GAVE UP. Search Stop Time: 1586576081251

  phantomjs://platform/console++.js:263 in error
[ERROR - 2020-04-11T03:36:59.262Z] WebElementLocator - _handleLocateCommand - Element(s) NOT Found: GAVE UP. Search Stop Time: 1586576219215

  phantomjs://platform/console++.js:263 in error
[ERROR - 2020-04-11T03:37:57.005Z] WebElementLocator - _handleLocateCommand - Element(s) NOT Found: GAVE UP. Search Stop Time: 1586576276971

  phantomjs://platform/console++.js:263 in error
[INFO  - 2020-04-11T03:39:03.937Z] SessionManagerReqHand - _cleanupWindowlessSessions - Asynchronous Sessions clean-up phase starting NOW
[INFO  - 2020-04-11T03:44:03.942Z] SessionManagerReqHand - _cleanupWindowlessSessions - Asynchronous Sessions clean-up phase starting NOW
[ERROR - 2020-04-11T03:47:14.057Z] WebElementLocator - [INFO  - 2020-04-11T03:47:44.990Z] SessionManagerReqHand - _cleanupWindowlessSessions - Asynchronous Sessions clean-up phase starting NOW
[INFO  - 2020-04-11T03:52:44.990Z] SessionManagerReqHand - _cleanupWindowlessSessions - Asynchronous Sessions clean-up phase starting NOW
[INFO  - 2020-04-11T03:57:44.990Z] SessionManagerReqHand - _cleanupWindowlessSessions - Asynchronous Sessions clean-up phase starting NOW
[INFO  - 2020-04-11T03:59:03.954Z] SessionManagerReqHand - _cleanupWindowlessSessions - Asynchronous Sessions clean-up phase starting NOW
[INFO  - 2020-04-11T04:04:03.954Z] SessionManagerReqHand - _cleanupWindowlessSessions - Asynchronous Sessions clean-up phase starting NOW
[INFO  - 2020-04-11T04:09:03.954Z] SessionManagerReqHand - _cleanupWindowlessSessions - Asynchronous Sessions clean-up phase starting NOW
[INFO  - 2020-04-11T04:14:03.955Z] SessionManagerReqHand - _cleanupWindowlessSessions - Asynchronous Sessions clean-up phase starting NOW
[INFO  - 2020-04-11T04:19:03.957Z] SessionManagerReqHand - _cleanupWindowlessSessions - Asynchronous Sessions clean-up phase starting NOW
[INFO  - 2020-04-11T04:24:03.957Z] SessionManagerReqHand - _cleanupWindowlessSessions - Asynchronous Sessions clean-up phase starting NOW
[INFO  - 2020-04-11T04:29:03.957Z] SessionManagerReqHand - _cleanupWindowlessSessions - Asynchronous Sessions clean-up phase starting NOW
[INFO  - 2020-04-11T04:34:03.969Z] SessionManagerReqHand - _cleanupWindowlessSessions - Asynchronous Sessions clean-up phase starting NOW
[INFO  - 2020-04-11T04:39:03.969Z] SessionManagerReqHand - _cleanupWindowlessSessions - Asynchronous Sessions clean-up phase starting NOW
[INFO  - 2020-04-11T04:44:03.978Z] SessionManagerReqHand - _cleanupWindowlessSessions - Asynchronous Sessions clean-up phase starting NOW
[INFO  - 2020-04-11T04:49:03.978Z] SessionManagerReqHand - _cleanupWindowlessSessions - Asynchronous Sessions clean-up phase starting NOW
[INFO  - 2020-04-11T04:54:03.990Z] SessionManagerReqHand - _cleanupWindowlessSessions - Asynchronous Sessions clean-up phase starting NOW
[INFO  - 2020-04-11T04:59:04.001Z] SessionManagerReqHand - _cleanupWindowlessSessions - Asynchronous Sessions clean-up phase starting NOW
[INFO  - 2020-04-11T05:04:04.015Z] SessionManagerReqHand - _cleanupWindowlessSessions - Asynchronous Sessions clean-up phase starting NOW
[INFO  - 2020-04-11T05:09:04.017Z] SessionManagerReqHand - _cleanupWindowlessSessions - Asynchronous Sessions clean-up phase starting NOW
[INFO  - 2020-04-11T05:14:04.018Z] SessionManagerReqHand - _cleanupWindowlessSessions - Asynchronous Sessions clean-up phase starting NOW
[INFO  - 2020-04-11T05:19:04.018Z] SessionManagerReqHand - _cleanupWindowlessSessions - Asynchronous Sessions clean-up phase starting NOW
[INFO  - 2020-04-11T05:24:04.019Z] SessionManagerReqHand - _cleanupWindowlessSessions - Asynchronous Sessions clean-up phase starting NOW
[INFO  - 2020-04-11T05:29:04.032Z] SessionManagerReqHand - _cleanupWindowlessSessions - Asynchronous Sessions clean-up phase starting NOW
[INFO  - 2020-04-11T05:34:04.032Z] SessionManagerReqHand - _cleanupWindowlessSessions - Asynchronous Sessions clean-up phase starting NOW
[INFO  - 2020-04-11T05:39:04.032Z] SessionManagerReqHand - _cleanupWindowlessSessions - Asynchronous Sessions clean-up phase starting NOW
[INFO  - 2020-04-11T05:44:04.033Z] SessionManagerReqHand - _cleanupWindowlessSessions - Asynchronous Sessions clean-up phase starting NOW
[INFO  - 2020-04-11T05:49:04.032Z] SessionManagerReqHand - _cleanupWindowlessSessions - Asynchronous Sessions clean-up phase starting NOW
[INFO  - 2020-04-11T05:54:04.033Z] SessionManagerReqHand - _cleanupWindowlessSessions - Asynchronous Sessions clean-up phase starting NOW
[INFO  - 2020-04-11T05:59:04.034Z] SessionManagerReqHand - _cleanupWindowlessSessions - Asynchronous Sessions clean-up phase starting NOW
[INFO  - 2020-04-11T06:04:04.047Z] SessionManagerReqHand - _cleanupWindowlessSessions - Asynchronous Sessions clean-up phase starting NOW
[INFO  - 2020-04-11T06:09:04.048Z] SessionManagerReqHand - _cleanupWindowlessSessions - Asynchronous Sessions clean-up phase starting NOW
[INFO  - 2020-04-11T06:14:04.047Z] SessionManagerReqHand - _cleanupWindowlessSessions - Asynchronous Sessions clean-up phase starting NOW
[INFO  - 2020-04-11T06:19:04.063Z] SessionManagerReqHand - _cleanupWindowlessSessions - Asynchronous Sessions clean-up phase starting NOW
[INFO  - 2020-04-11T06:24:04.064Z] SessionManagerReqHand - _cleanupWindowlessSessions - Asynchronous Sessions clean-up phase starting NOW
[INFO  - 2020-04-11T06:29:04.066Z] SessionManagerReqHand - _cleanupWindowlessSessions - Asynchronous Sessions clean-up phase starting NOW
[INFO  - 2020-04-11T06:34:04.066Z] SessionManagerReqHand - _cleanupWindowlessSessions - Asynchronous Sessions clean-up phase starting NOW
[INFO  - 2020-04-11T06:39:04.080Z] SessionManagerReqHand - _cleanupWindowlessSessions - Asynchronous Sessions clean-up phase starting NOW
[INFO  - 2020-04-11T06:44:04.080Z] SessionManagerReqHand - _cleanupWindowlessSessions - Asynchronous Sessions clean-up phase starting NOW
[INFO  - 2020-04-11T06:49:04.081Z] SessionManagerReqHand - _cleanupWindowlessSessions - Asynchronous Sessions clean-up phase starting NOW
[INFO  - 2020-04-11T06:54:04.081Z] SessionManagerReqHand - _cleanupWindowlessSessions - Asynchronous Sessions clean-up phase starting NOW
